<?xml version="1.0" encoding="UTF-8"?>
<!-- Generated by org.testng.reporters.JUnitXMLReporter -->
<testsuite ignored="0" hostname="ghost" failures="1" tests="4" name="Regression1" time="150.528" errors="0" timestamp="2021-12-25T21:50:57 IST">
  <testcase classname="org.scture.Synchronization" name="guestCheckoutusingDirectBanktranfer" time="15.623">
    <failure type="org.openqa.selenium.StaleElementReferenceException" message="stale element reference: element is not attached to the page document
  (Session info: headless chrome=96.0.4664.110)
For documentation on this error, please visit: https://selenium.dev/exceptions/#stale_element_reference
Build info: version: &amp;apos;4.1.0&amp;apos;, revision: &amp;apos;87802e897b&amp;apos;
System info: host: &amp;apos;ghost&amp;apos;, ip: &amp;apos;192.168.8.187&amp;apos;, os.name: &amp;apos;Linux&amp;apos;, os.arch: &amp;apos;amd64&amp;apos;, os.version: &amp;apos;5.13.0-22-generic&amp;apos;, java.version: &amp;apos;11.0.13&amp;apos;
Driver info: org.openqa.selenium.chrome.ChromeDriver
Command: [2da49a59e1c84acc8c03e68daf9d8083, clickElement {id=9e724bee-558a-4356-9722-a812d2786d98}]
Capabilities {acceptInsecureCerts: false, browserName: chrome, browserVersion: 96.0.4664.110, chrome: {chromedriverVersion: 96.0.4664.45 (76e4c1bb2ab46..., userDataDir: /tmp/.com.google.Chrome.shUwew}, goog:chromeOptions: {debuggerAddress: localhost:34983}, javascriptEnabled: true, networkConnectionEnabled: false, pageLoadStrategy: normal, platform: LINUX, platformName: LINUX, proxy: Proxy(), se:cdp: ws://localhost:34983/devtoo..., se:cdpVersion: 96.0.4664.110, setWindowRect: true, strictFileInteractability: false, timeouts: {implicit: 0, pageLoad: 300000, script: 30000}, unhandledPromptBehavior: dismiss and notify, webauthn:extension:credBlob: true, webauthn:extension:largeBlob: true, webauthn:virtualAuthenticators: true}
Element: [[ChromeDriver: chrome on LINUX (2da49a59e1c84acc8c03e68daf9d8083)] -&amp;gt; id: payment_method_cod]
Session ID: 2da49a59e1c84acc8c03e68daf9d8083">
      <![CDATA[org.openqa.selenium.StaleElementReferenceException: stale element reference: element is not attached to the page document
  (Session info: headless chrome=96.0.4664.110)
For documentation on this error, please visit: https://selenium.dev/exceptions/#stale_element_reference
Build info: version: '4.1.0', revision: '87802e897b'
System info: host: 'ghost', ip: '192.168.8.187', os.name: 'Linux', os.arch: 'amd64', os.version: '5.13.0-22-generic', java.version: '11.0.13'
Driver info: org.openqa.selenium.chrome.ChromeDriver
Command: [2da49a59e1c84acc8c03e68daf9d8083, clickElement {id=9e724bee-558a-4356-9722-a812d2786d98}]
Capabilities {acceptInsecureCerts: false, browserName: chrome, browserVersion: 96.0.4664.110, chrome: {chromedriverVersion: 96.0.4664.45 (76e4c1bb2ab46..., userDataDir: /tmp/.com.google.Chrome.shUwew}, goog:chromeOptions: {debuggerAddress: localhost:34983}, javascriptEnabled: true, networkConnectionEnabled: false, pageLoadStrategy: normal, platform: LINUX, platformName: LINUX, proxy: Proxy(), se:cdp: ws://localhost:34983/devtoo..., se:cdpVersion: 96.0.4664.110, setWindowRect: true, strictFileInteractability: false, timeouts: {implicit: 0, pageLoad: 300000, script: 30000}, unhandledPromptBehavior: dismiss and notify, webauthn:extension:credBlob: true, webauthn:extension:largeBlob: true, webauthn:virtualAuthenticators: true}
Element: [[ChromeDriver: chrome on LINUX (2da49a59e1c84acc8c03e68daf9d8083)] -> id: payment_method_cod]
Session ID: 2da49a59e1c84acc8c03e68daf9d8083
at org.openqa.selenium.remote.codec.w3c.W3CHttpResponseCodec.createException(W3CHttpResponseCodec.java:200)
at org.openqa.selenium.remote.codec.w3c.W3CHttpResponseCodec.decode(W3CHttpResponseCodec.java:133)
at org.openqa.selenium.remote.codec.w3c.W3CHttpResponseCodec.decode(W3CHttpResponseCodec.java:53)
at org.openqa.selenium.remote.HttpCommandExecutor.execute(HttpCommandExecutor.java:184)
at org.openqa.selenium.remote.service.DriverCommandExecutor.invokeExecute(DriverCommandExecutor.java:164)
at org.openqa.selenium.remote.service.DriverCommandExecutor.execute(DriverCommandExecutor.java:139)
at org.openqa.selenium.remote.RemoteWebDriver.execute(RemoteWebDriver.java:559)
at org.openqa.selenium.remote.RemoteWebElement.execute(RemoteWebElement.java:251)
at org.openqa.selenium.remote.RemoteWebElement.click(RemoteWebElement.java:77)
at org.pom.pages.CheckoutPage.slectdirectbanktrfr(CheckoutPage.java:151)
at org.scture.Synchronization.guestCheckoutusingDirectBanktranfer(Synchronization.java:29)
at java.base/java.util.ArrayList.forEach(ArrayList.java:1541)
... Removed 35 stack frames]]>
    </failure>
  </testcase> <!-- guestCheckoutusingDirectBanktranfer -->
  <testcase classname="org.scture.Synchronization" name="loginCheckoutUsingDirectBankTranfer" time="30.321"/>
  <testcase classname="org.scture.FPObjectTest" name="guestCheckoutusingDirectBanktranfer" time="43.398"/>
  <testcase classname="org.scture.FPObjectTest" name="loginCheckoutUsingDirectBankTranfer" time="54.707"/>
</testsuite> <!-- Regression1 -->
