<?xml version="1.0" encoding="UTF-8"?>
<testng-results ignored="0" total="5" passed="4" failed="1" skipped="0">
  <reporter-output>
  </reporter-output>
  <suite started-at="2021-12-25T16:57:02 IST" name="Suite1" finished-at="2021-12-25T16:59:42 IST" duration-ms="160332">
    <groups>
    </groups>
    <test started-at="2021-12-25T16:57:02 IST" name="Regression1" finished-at="2021-12-25T16:59:42 IST" duration-ms="160332">
      <class name="org.scture.FPObjectTest">
        <test-method is-config="true" signature="startDriver()[pri:0, instance:org.scture.FPObjectTest@2928854b]" started-at="2021-12-25T16:58:10 IST" name="startDriver" finished-at="2021-12-25T16:58:10 IST" duration-ms="452" status="PASS">
          <reporter-output>
          </reporter-output>
        </test-method> <!-- startDriver -->
        <test-method signature="guestCheckoutusingDirectBanktranfer()[pri:0, instance:org.scture.FPObjectTest@2928854b]" started-at="2021-12-25T16:58:10 IST" name="guestCheckoutusingDirectBanktranfer" finished-at="2021-12-25T16:58:50 IST" duration-ms="39737" status="PASS">
          <reporter-output>
          </reporter-output>
        </test-method> <!-- guestCheckoutusingDirectBanktranfer -->
        <test-method is-config="true" signature="quitDriver()[pri:0, instance:org.scture.FPObjectTest@2928854b]" started-at="2021-12-25T16:58:50 IST" name="quitDriver" finished-at="2021-12-25T16:58:50 IST" duration-ms="272" status="PASS">
          <reporter-output>
          </reporter-output>
        </test-method> <!-- quitDriver -->
        <test-method is-config="true" signature="startDriver()[pri:0, instance:org.scture.FPObjectTest@2928854b]" started-at="2021-12-25T16:58:50 IST" name="startDriver" finished-at="2021-12-25T16:58:51 IST" duration-ms="489" status="PASS">
          <reporter-output>
          </reporter-output>
        </test-method> <!-- startDriver -->
        <test-method signature="loginCheckoutUsingDirectBankTranfer()[pri:0, instance:org.scture.FPObjectTest@2928854b]" started-at="2021-12-25T16:58:51 IST" name="loginCheckoutUsingDirectBankTranfer" finished-at="2021-12-25T16:59:42 IST" duration-ms="51047" status="PASS">
          <reporter-output>
          </reporter-output>
        </test-method> <!-- loginCheckoutUsingDirectBankTranfer -->
        <test-method is-config="true" signature="quitDriver()[pri:0, instance:org.scture.FPObjectTest@2928854b]" started-at="2021-12-25T16:59:42 IST" name="quitDriver" finished-at="2021-12-25T16:59:42 IST" duration-ms="275" status="PASS">
          <reporter-output>
          </reporter-output>
        </test-method> <!-- quitDriver -->
      </class> <!-- org.scture.FPObjectTest -->
      <class name="org.scture.Synchronization">
        <test-method is-config="true" signature="startDriver()[pri:0, instance:org.scture.Synchronization@79efed2d]" started-at="2021-12-25T16:57:33 IST" name="startDriver" finished-at="2021-12-25T16:57:33 IST" duration-ms="626" status="PASS">
          <reporter-output>
          </reporter-output>
        </test-method> <!-- startDriver -->
        <test-method signature="guestCheckoutusingDirectBanktranfer()[pri:0, instance:org.scture.Synchronization@79efed2d]" started-at="2021-12-25T16:57:33 IST" name="guestCheckoutusingDirectBanktranfer" finished-at="2021-12-25T16:57:58 IST" duration-ms="24221" status="PASS">
          <reporter-output>
          </reporter-output>
        </test-method> <!-- guestCheckoutusingDirectBanktranfer -->
        <test-method is-config="true" signature="quitDriver()[pri:0, instance:org.scture.Synchronization@79efed2d]" started-at="2021-12-25T16:57:58 IST" name="quitDriver" finished-at="2021-12-25T16:57:58 IST" duration-ms="221" status="PASS">
          <reporter-output>
          </reporter-output>
        </test-method> <!-- quitDriver -->
        <test-method is-config="true" signature="startDriver()[pri:0, instance:org.scture.Synchronization@79efed2d]" started-at="2021-12-25T16:57:58 IST" name="startDriver" finished-at="2021-12-25T16:57:58 IST" duration-ms="503" status="PASS">
          <reporter-output>
          </reporter-output>
        </test-method> <!-- startDriver -->
        <test-method signature="loginCheckoutUsingDirectBankTranfer()[pri:0, instance:org.scture.Synchronization@79efed2d]" started-at="2021-12-25T16:57:58 IST" name="loginCheckoutUsingDirectBankTranfer" finished-at="2021-12-25T16:58:09 IST" duration-ms="11230" status="PASS">
          <reporter-output>
          </reporter-output>
        </test-method> <!-- loginCheckoutUsingDirectBankTranfer -->
        <test-method is-config="true" signature="quitDriver()[pri:0, instance:org.scture.Synchronization@79efed2d]" started-at="2021-12-25T16:58:09 IST" name="quitDriver" finished-at="2021-12-25T16:58:10 IST" duration-ms="118" status="PASS">
          <reporter-output>
          </reporter-output>
        </test-method> <!-- quitDriver -->
      </class> <!-- org.scture.Synchronization -->
      <class name="org.test.MyTest">
        <test-method is-config="true" signature="startDriver()[pri:0, instance:org.test.MyTest@4b44655e]" started-at="2021-12-25T16:57:02 IST" name="startDriver" finished-at="2021-12-25T16:57:05 IST" duration-ms="3754" status="PASS">
          <reporter-output>
          </reporter-output>
        </test-method> <!-- startDriver -->
        <test-method signature="guestCheckoutusingDirectBanktranfer()[pri:0, instance:org.test.MyTest@4b44655e]" started-at="2021-12-25T16:57:05 IST" name="guestCheckoutusingDirectBanktranfer" finished-at="2021-12-25T16:57:32 IST" duration-ms="27095" status="FAIL">
          <exception class="org.openqa.selenium.NoSuchElementException">
            <message>
              <![CDATA[no such element: Unable to locate element: {"method":"css selector","selector":".woocommerce-notice.woocommerce-notice--success.woocommerce-thankyou-order-received"}
  (Session info: chrome=96.0.4664.110)
For documentation on this error, please visit: https://selenium.dev/exceptions/#no_such_element
Build info: version: '4.1.0', revision: '87802e897b'
System info: host: 'ghost', ip: '192.168.8.187', os.name: 'Linux', os.arch: 'amd64', os.version: '5.13.0-22-generic', java.version: '11.0.13'
Driver info: org.openqa.selenium.chrome.ChromeDriver
Command: [f2b47158ebfa114b9a4822a0143b60ca, findElement {using=css selector, value=.woocommerce-notice.woocommerce-notice--success.woocommerce-thankyou-order-received}]
Capabilities {acceptInsecureCerts: false, browserName: chrome, browserVersion: 96.0.4664.110, chrome: {chromedriverVersion: 96.0.4664.45 (76e4c1bb2ab46..., userDataDir: /tmp/.com.google.Chrome.kr5fN6}, goog:chromeOptions: {debuggerAddress: localhost:33331}, javascriptEnabled: true, networkConnectionEnabled: false, pageLoadStrategy: normal, platform: LINUX, platformName: LINUX, proxy: Proxy(), se:cdp: ws://localhost:33331/devtoo..., se:cdpVersion: 96.0.4664.110, setWindowRect: true, strictFileInteractability: false, timeouts: {implicit: 0, pageLoad: 300000, script: 30000}, unhandledPromptBehavior: dismiss and notify, webauthn:extension:credBlob: true, webauthn:extension:largeBlob: true, webauthn:virtualAuthenticators: true}
Session ID: f2b47158ebfa114b9a4822a0143b60ca]]>
            </message>
            <full-stacktrace>
              <![CDATA[org.openqa.selenium.NoSuchElementException: no such element: Unable to locate element: {"method":"css selector","selector":".woocommerce-notice.woocommerce-notice--success.woocommerce-thankyou-order-received"}
  (Session info: chrome=96.0.4664.110)
For documentation on this error, please visit: https://selenium.dev/exceptions/#no_such_element
Build info: version: '4.1.0', revision: '87802e897b'
System info: host: 'ghost', ip: '192.168.8.187', os.name: 'Linux', os.arch: 'amd64', os.version: '5.13.0-22-generic', java.version: '11.0.13'
Driver info: org.openqa.selenium.chrome.ChromeDriver
Command: [f2b47158ebfa114b9a4822a0143b60ca, findElement {using=css selector, value=.woocommerce-notice.woocommerce-notice--success.woocommerce-thankyou-order-received}]
Capabilities {acceptInsecureCerts: false, browserName: chrome, browserVersion: 96.0.4664.110, chrome: {chromedriverVersion: 96.0.4664.45 (76e4c1bb2ab46..., userDataDir: /tmp/.com.google.Chrome.kr5fN6}, goog:chromeOptions: {debuggerAddress: localhost:33331}, javascriptEnabled: true, networkConnectionEnabled: false, pageLoadStrategy: normal, platform: LINUX, platformName: LINUX, proxy: Proxy(), se:cdp: ws://localhost:33331/devtoo..., se:cdpVersion: 96.0.4664.110, setWindowRect: true, strictFileInteractability: false, timeouts: {implicit: 0, pageLoad: 300000, script: 30000}, unhandledPromptBehavior: dismiss and notify, webauthn:extension:credBlob: true, webauthn:extension:largeBlob: true, webauthn:virtualAuthenticators: true}
Session ID: f2b47158ebfa114b9a4822a0143b60ca
at java.base/jdk.internal.reflect.NativeConstructorAccessorImpl.newInstance0(Native Method)
at java.base/jdk.internal.reflect.NativeConstructorAccessorImpl.newInstance(NativeConstructorAccessorImpl.java:62)
at java.base/jdk.internal.reflect.DelegatingConstructorAccessorImpl.newInstance(DelegatingConstructorAccessorImpl.java:45)
at java.base/java.lang.reflect.Constructor.newInstance(Constructor.java:490)
at org.openqa.selenium.remote.codec.w3c.W3CHttpResponseCodec.createException(W3CHttpResponseCodec.java:200)
at org.openqa.selenium.remote.codec.w3c.W3CHttpResponseCodec.decode(W3CHttpResponseCodec.java:133)
at org.openqa.selenium.remote.codec.w3c.W3CHttpResponseCodec.decode(W3CHttpResponseCodec.java:53)
at org.openqa.selenium.remote.HttpCommandExecutor.execute(HttpCommandExecutor.java:184)
at org.openqa.selenium.remote.service.DriverCommandExecutor.invokeExecute(DriverCommandExecutor.java:164)
at org.openqa.selenium.remote.service.DriverCommandExecutor.execute(DriverCommandExecutor.java:139)
at org.openqa.selenium.remote.RemoteWebDriver.execute(RemoteWebDriver.java:559)
at org.openqa.selenium.remote.ElementLocation$ElementFinder$2.findElement(ElementLocation.java:162)
at org.openqa.selenium.remote.ElementLocation.findElement(ElementLocation.java:60)
at org.openqa.selenium.remote.RemoteWebDriver.findElement(RemoteWebDriver.java:383)
at org.openqa.selenium.remote.RemoteWebDriver.findElement(RemoteWebDriver.java:375)
at org.pom.pages.OrderConfirmPage.getOrderConfirmSuccessMgs(OrderConfirmPage.java:16)
at org.test.MyTest.guestCheckoutusingDirectBanktranfer(MyTest.java:31)
at java.base/jdk.internal.reflect.NativeMethodAccessorImpl.invoke0(Native Method)
at java.base/jdk.internal.reflect.NativeMethodAccessorImpl.invoke(NativeMethodAccessorImpl.java:62)
at java.base/jdk.internal.reflect.DelegatingMethodAccessorImpl.invoke(DelegatingMethodAccessorImpl.java:43)
at java.base/java.lang.reflect.Method.invoke(Method.java:566)
at org.testng.internal.MethodInvocationHelper.invokeMethod(MethodInvocationHelper.java:133)
at org.testng.internal.TestInvoker.invokeMethod(TestInvoker.java:598)
at org.testng.internal.TestInvoker.invokeTestMethod(TestInvoker.java:173)
at org.testng.internal.MethodRunner.runInSequence(MethodRunner.java:46)
at org.testng.internal.TestInvoker$MethodInvocationAgent.invoke(TestInvoker.java:824)
at org.testng.internal.TestInvoker.invokeTestMethods(TestInvoker.java:146)
at org.testng.internal.TestMethodWorker.invokeTestMethods(TestMethodWorker.java:146)
at org.testng.internal.TestMethodWorker.run(TestMethodWorker.java:128)
at java.base/java.util.ArrayList.forEach(ArrayList.java:1541)
at org.testng.TestRunner.privateRun(TestRunner.java:794)
at org.testng.TestRunner.run(TestRunner.java:596)
at org.testng.SuiteRunner.runTest(SuiteRunner.java:377)
at org.testng.SuiteRunner.runSequentially(SuiteRunner.java:371)
at org.testng.SuiteRunner.privateRun(SuiteRunner.java:332)
at org.testng.SuiteRunner.run(SuiteRunner.java:276)
at org.testng.SuiteRunnerWorker.runSuite(SuiteRunnerWorker.java:53)
at org.testng.SuiteRunnerWorker.run(SuiteRunnerWorker.java:96)
at org.testng.TestNG.runSuitesSequentially(TestNG.java:1212)
at org.testng.TestNG.runSuitesLocally(TestNG.java:1134)
at org.testng.TestNG.runSuites(TestNG.java:1063)
at org.testng.TestNG.run(TestNG.java:1031)
at org.apache.maven.surefire.testng.TestNGExecutor.run(TestNGExecutor.java:284)
at org.apache.maven.surefire.testng.TestNGXmlTestSuite.execute(TestNGXmlTestSuite.java:75)
at org.apache.maven.surefire.testng.TestNGProvider.invoke(TestNGProvider.java:119)
at org.apache.maven.surefire.booter.ForkedBooter.runSuitesInProcess(ForkedBooter.java:428)
at org.apache.maven.surefire.booter.ForkedBooter.execute(ForkedBooter.java:162)
at org.apache.maven.surefire.booter.ForkedBooter.run(ForkedBooter.java:562)
at org.apache.maven.surefire.booter.ForkedBooter.main(ForkedBooter.java:548)
]]>
            </full-stacktrace>
          </exception> <!-- org.openqa.selenium.NoSuchElementException -->
          <reporter-output>
          </reporter-output>
        </test-method> <!-- guestCheckoutusingDirectBanktranfer -->
        <test-method is-config="true" signature="quitDriver()[pri:0, instance:org.test.MyTest@4b44655e]" started-at="2021-12-25T16:57:32 IST" name="quitDriver" finished-at="2021-12-25T16:57:33 IST" duration-ms="229" status="PASS">
          <reporter-output>
          </reporter-output>
        </test-method> <!-- quitDriver -->
      </class> <!-- org.test.MyTest -->
    </test> <!-- Regression1 -->
  </suite> <!-- Suite1 -->
</testng-results>
